Primer
Stream
DiskStream
MemoryStream
CRC_16
CRC_32
Array
Collection
DataCollection
StrCollectionA
StrCollectionW
SortedCollection
SortedDataCollection
SortedStrCollectionA
SortedStrCollectionW
XWCollection
ByteVector
WordVector
DWordVector
SortedByteVector
SortedWordVector
SortedDWordVector
Real4Vector
SortedReal4Vector
DataVector
SortedDataVector
DataPool
IniFile
IDL
Image
LinkedList
Magnetism
MsgInterceptor
NetCom
Pixelmap
PlotXY
RedBlackTree
RegExA
RegExW
RegKey
Json
SharedMemoryObject
Splash
StopWatch
TickCounter
WindowBackground
HashMap
Dictionary

COM_Primers
ClassFactory
InProcServer
IDispatch
IDual
ConnectionPoint
IConnectionPointContainer
ISupportErrorInfo
IDocHostUIHandler
OcxContainer
ExcelHost
WordHost
Window
WinPrimer
WinControl
ScriptHost
LuaHost

Button
ColorButton
IconButton
RgnButton
ComboBox
FlipBox
GifDecoder
GifPlayer
Hyperlink
ListView
Progressbar
Rebar
TabCtrl
Toolbar
Tooltip
TrayIcon
TreeView
ScrollBar
Splitter
Statusbar
SimpleImageList
MaskedImageList
Ribbon
Throbber
SpinningThrobber
MovingThrobber
TextView
GridView

Dialog
DialogAbout
DialogAboutIndirect
DialogModal
DialogModalIndirect
DialogModeless
DialogModelessIndirect
DialogPassword
DialogProgress

WinApp
DlgApp
MdiApp
SdiApp

Chart
ChartXY
ChartBar

D3Engine

Database

ElasticSkin
SkinnedDialogAbout
SkinnedMsgBox

XCustomTreeView
XMenu
XPropertyTree
XTreeView

EnumVARIANT
IAT_Hook
WebTextTranslator